This file contains any messages produced by compilers while
running configure, to aid debugging if configure makes a mistake.

It was created by cudd configure 3.0.0, which was
generated by GNU Autoconf 2.71.  Invocation command line was

  $ ./configure --no-create --no-recursion

## --------- ##
## Platform. ##
## --------- ##

hostname = utcasadmins-MacBook-Pro.local
uname -m = x86_64
uname -r = 21.5.0
uname -s = Darwin
uname -v = Darwin Kernel Version 21.5.0: Tue Apr 26 21:08:22 PDT 2022; root:xnu-8020.121.3~4/RELEASE_X86_64

/usr/bin/uname -p = i386
/bin/uname -X     = unknown

/bin/arch              = unknown
/usr/bin/arch -k       = unknown
/usr/convex/getsysinfo = unknown
/usr/bin/hostinfo      = Mach kernel version:
	 Darwin Kernel Version 21.5.0: Tue Apr 26 21:08:22 PDT 2022; root:xnu-8020.121.3~4/RELEASE_X86_64
Kernel configured for up to 12 processors.
6 processors are physically available.
12 processors are logically available.
Processor type: x86_64h (Intel x86-64h Haswell)
Processors active: 0 1 2 3 4 5 6 7 8 9 10 11
Primary memory available: 16.00 gigabytes
Default processor set: 643 tasks, 4660 threads, 12 processors
Load average: 5.66, Mach factor: 6.72
/bin/machine           = unknown
/usr/bin/oslevel       = unknown
/bin/universe          = unknown

PATH: /usr/local/bin/
PATH: /usr/bin/
PATH: /bin/
PATH: /usr/sbin/
PATH: /sbin/
PATH: /Library/TeX/texbin/
PATH: /opt/X11/bin/
PATH: /Library/Apple/usr/bin/


## ----------- ##
## Core tests. ##
## ----------- ##

configure:3070: looking for aux files: ltmain.sh ar-lib compile tap-driver.sh missing install-sh config.guess config.sub
configure:3083:  trying ./build-aux/
configure:3112:   ./build-aux/ltmain.sh found
configure:3112:   ./build-aux/ar-lib found
configure:3112:   ./build-aux/compile found
configure:3112:   ./build-aux/tap-driver.sh found
configure:3112:   ./build-aux/missing found
configure:3094:   ./build-aux/install-sh found
configure:3112:   ./build-aux/config.guess found
configure:3112:   ./build-aux/config.sub found
configure:3232: checking build system type
configure:3247: result: x86_64-apple-darwin21.5.0
configure:3267: checking host system type
configure:3281: result: x86_64-apple-darwin21.5.0
configure:3318: checking for a BSD-compatible install
configure:3391: result: /usr/local/bin/ginstall -c
configure:3402: checking whether build environment is sane
configure:3457: result: yes
configure:3616: checking for a race-free mkdir -p
configure:3660: result: /usr/local/bin/gmkdir -p
configure:3667: checking for gawk
configure:3702: result: no
configure:3667: checking for mawk
configure:3702: result: no
configure:3667: checking for nawk
configure:3702: result: no
configure:3667: checking for awk
configure:3688: found /usr/bin/awk
configure:3699: result: awk
configure:3710: checking whether make sets $(MAKE)
configure:3733: result: yes
configure:3763: checking whether make supports nested variables
configure:3781: result: yes
configure:4031: checking for gcc
configure:4052: found /usr/bin/gcc
configure:4063: result: gcc
configure:4416: checking for C compiler version
configure:4425: gcc --version >&5
Apple clang version 13.1.6 (clang-1316.0.21.2.5)
Target: x86_64-apple-darwin21.5.0
Thread model: posix
InstalledDir: /Library/Developer/CommandLineTools/usr/bin
configure:4436: $? = 0
configure:4425: gcc -v >&5
Apple clang version 13.1.6 (clang-1316.0.21.2.5)
Target: x86_64-apple-darwin21.5.0
Thread model: posix
InstalledDir: /Library/Developer/CommandLineTools/usr/bin
configure:4436: $? = 0
configure:4425: gcc -V >&5
clang: error: argument to '-V' is missing (expected 1 value)
clang: error: no input files
configure:4436: $? = 1
configure:4425: gcc -qversion >&5
clang: error: unknown argument '-qversion'; did you mean '--version'?
clang: error: no input files
configure:4436: $? = 1
configure:4425: gcc -version >&5
clang: error: unknown argument '-version'; did you mean '--version'?
clang: error: no input files
configure:4436: $? = 1
configure:4456: checking whether the C compiler works
configure:4478: gcc -Wall -Wextra -g -O3   conftest.c  >&5

## ---------------- ##
## Cache variables. ##
## ---------------- ##

ac_cv_build=x86_64-apple-darwin21.5.0
ac_cv_env_CCC_set=
ac_cv_env_CCC_value=
ac_cv_env_CC_set=
ac_cv_env_CC_value=
ac_cv_env_CFLAGS_set=
ac_cv_env_CFLAGS_value=
ac_cv_env_CPPFLAGS_set=
ac_cv_env_CPPFLAGS_value=
ac_cv_env_CXXCPP_set=
ac_cv_env_CXXCPP_value=
ac_cv_env_CXXFLAGS_set=
ac_cv_env_CXXFLAGS_value=
ac_cv_env_CXX_set=
ac_cv_env_CXX_value=
ac_cv_env_LDFLAGS_set=
ac_cv_env_LDFLAGS_value=
ac_cv_env_LIBS_set=
ac_cv_env_LIBS_value=
ac_cv_env_build_alias_set=
ac_cv_env_build_alias_value=
ac_cv_env_host_alias_set=
ac_cv_env_host_alias_value=
ac_cv_env_target_alias_set=
ac_cv_env_target_alias_value=
ac_cv_host=x86_64-apple-darwin21.5.0
ac_cv_path_install='/usr/local/bin/ginstall -c'
ac_cv_path_mkdir=/usr/local/bin/gmkdir
ac_cv_prog_AWK=awk
ac_cv_prog_ac_ct_CC=gcc
ac_cv_prog_make_make_set=yes
am_cv_make_support_nested_variables=yes

## ----------------- ##
## Output variables. ##
## ----------------- ##

ACLOCAL='${SHELL} '\''/Users/meghana/Desktop/Meghana/Research/CUDD/cudd-complex-big/build-aux/missing'\'' aclocal-1.16'
AMDEPBACKSLASH=''
AMDEP_FALSE=''
AMDEP_TRUE=''
AMTAR='$${TAR-tar}'
AM_BACKSLASH='\'
AM_DEFAULT_V='$(AM_DEFAULT_VERBOSITY)'
AM_DEFAULT_VERBOSITY='1'
AM_V='$(V)'
AR=''
AS=''
AUTOCONF='${SHELL} '\''/Users/meghana/Desktop/Meghana/Research/CUDD/cudd-complex-big/build-aux/missing'\'' autoconf'
AUTOHEADER='${SHELL} '\''/Users/meghana/Desktop/Meghana/Research/CUDD/cudd-complex-big/build-aux/missing'\'' autoheader'
AUTOMAKE='${SHELL} '\''/Users/meghana/Desktop/Meghana/Research/CUDD/cudd-complex-big/build-aux/missing'\'' automake-1.16'
AWK='awk'
CC='gcc'
CCDEPMODE=''
CFLAGS='-Wall -Wextra -g -O3'
CPPFLAGS=''
CROSS_COMPILING_FALSE=''
CROSS_COMPILING_TRUE=''
CSCOPE='cscope'
CTAGS='ctags'
CXX=''
CXXCPP=''
CXXDEPMODE=''
CXXFLAGS='-Wall -Wextra -std=c++0x -g -O3'
CYGPATH_W='echo'
DDDMP_FALSE=''
DDDMP_TRUE='#'
DEFS=''
DEPDIR=''
DLLTOOL=''
DOXYGEN=''
DSYMUTIL=''
DUMPBIN=''
ECHO_C='\c'
ECHO_N=''
ECHO_T=''
EGREP=''
ETAGS='etags'
EXEEXT=''
FGREP=''
GREP=''
HAVE_DOXYGEN_FALSE=''
HAVE_DOXYGEN_TRUE=''
HAVE_PDFLATEX_FALSE=''
HAVE_PDFLATEX_TRUE=''
HAVE_PTHREADS_FALSE=''
HAVE_PTHREADS_TRUE=''
INSTALL_DATA='${INSTALL} -m 644'
INSTALL_PROGRAM='${INSTALL}'
INSTALL_SCRIPT='${INSTALL}'
INSTALL_STRIP_PROGRAM='$(install_sh) -c -s'
LD=''
LDFLAGS=''
LIBOBJS=''
LIBS=''
LIBTOOL=''
LIPO=''
LN_S=''
LTLIBOBJS=''
MAKEINDEX=''
MAKEINFO='${SHELL} '\''/Users/meghana/Desktop/Meghana/Research/CUDD/cudd-complex-big/build-aux/missing'\'' makeinfo'
MANIFEST_TOOL=''
MINGW64_FALSE=''
MINGW64_TRUE=''
MKDIR_P='/usr/local/bin/gmkdir -p'
NM=''
NMEDIT=''
OBJDUMP=''
OBJEXT=''
OBJ_FALSE=''
OBJ_TRUE='#'
OTOOL64=''
OTOOL=''
PACKAGE='cudd'
PACKAGE_BUGREPORT='Fabio@Colorado.EDU'
PACKAGE_NAME='cudd'
PACKAGE_STRING='cudd 3.0.0'
PACKAGE_TARNAME='cudd'
PACKAGE_URL=''
PACKAGE_VERSION='3.0.0'
PATH_SEPARATOR=':'
PDFLATEX=''
RANLIB=''
SED=''
SET_MAKE=''
SHELL='/bin/sh'
STRIP=''
VERSION='3.0.0'
ac_ct_AR=''
ac_ct_CC='gcc'
ac_ct_CXX=''
ac_ct_DUMPBIN=''
am__EXEEXT_FALSE=''
am__EXEEXT_TRUE=''
am__fastdepCC_FALSE=''
am__fastdepCC_TRUE=''
am__fastdepCXX_FALSE=''
am__fastdepCXX_TRUE=''
am__include=''
am__isrc=''
am__leading_dot='.'
am__nodep=''
am__quote=''
am__tar='$${TAR-tar} chof - "$$tardir"'
am__untar='$${TAR-tar} xf -'
bindir='${exec_prefix}/bin'
build='x86_64-apple-darwin21.5.0'
build_alias=''
build_cpu='x86_64'
build_os='darwin21.5.0'
build_vendor='apple'
datadir='${datarootdir}'
datarootdir='${prefix}/share'
docdir='${datarootdir}/doc/${PACKAGE_TARNAME}'
dvidir='${docdir}'
exec_prefix='NONE'
host='x86_64-apple-darwin21.5.0'
host_alias=''
host_cpu='x86_64'
host_os='darwin21.5.0'
host_vendor='apple'
htmldir='${docdir}'
includedir='${prefix}/include'
infodir='${datarootdir}/info'
install_sh='${SHELL} /Users/meghana/Desktop/Meghana/Research/CUDD/cudd-complex-big/build-aux/install-sh'
libdir='${exec_prefix}/lib'
libexecdir='${exec_prefix}/libexec'
localedir='${datarootdir}/locale'
localstatedir='${prefix}/var'
mandir='${datarootdir}/man'
mkdir_p='$(MKDIR_P)'
oldincludedir='/usr/include'
pdfdir='${docdir}'
prefix='NONE'
program_transform_name='s,x,x,'
psdir='${docdir}'
runstatedir='${localstatedir}/run'
sbindir='${exec_prefix}/sbin'
sharedstatedir='${prefix}/com'
sysconfdir='${prefix}/etc'
target_alias=''

## ----------- ##
## confdefs.h. ##
## ----------- ##

/* confdefs.h */
#define PACKAGE_NAME "cudd"
#define PACKAGE_TARNAME "cudd"
#define PACKAGE_VERSION "3.0.0"
#define PACKAGE_STRING "cudd 3.0.0"
#define PACKAGE_BUGREPORT "Fabio@Colorado.EDU"
#define PACKAGE_URL ""
#define PACKAGE "cudd"
#define VERSION "3.0.0"

configure: caught signal 2
configure: exit 1

## ---------------------- ##
## Running config.status. ##
## ---------------------- ##

This file was extended by cudd config.status 3.0.0, which was
generated by GNU Autoconf 2.71.  Invocation command line was

  CONFIG_FILES    = 
  CONFIG_HEADERS  = 
  CONFIG_LINKS    = 
  CONFIG_COMMANDS = 
  $ ./config.status Makefile depfiles

on utcasadmins-MacBook-Pro.local

config.status:1195: creating Makefile
config.status:1424: executing depfiles commands
config.status:1501: cd .       && sed -e '/# am--include-marker/d' Makefile         | make -f - am--depfiles
make[1]: Nothing to be done for `am--depfiles'.
config.status:1506: $? = 0

## ---------------------- ##
## Running config.status. ##
## ---------------------- ##

This file was extended by cudd config.status 3.0.0, which was
generated by GNU Autoconf 2.71.  Invocation command line was

  CONFIG_FILES    = 
  CONFIG_HEADERS  = 
  CONFIG_LINKS    = 
  CONFIG_COMMANDS = 
  $ ./config.status config.h

on utcasadmins-MacBook-Pro.local

config.status:1195: creating config.h
config.status:1376: config.h is unchanged
